\BOOKMARK [-1][]{thuchapter.1.-1}{\376\377\127\372\116\216\155\361\136\246\133\146\116\140\166\204\232\250\232\323\210\100\176\306\200\336\150\300\155\113\116\016\213\306\122\053\142\200\147\057\170\024\172\166}{}% 1
\BOOKMARK [0][]{thuchapter.2.0}{\376\377\133\146\117\115\213\272\145\207\143\007\133\374\134\017\176\304\060\001\121\154\137\000\213\304\226\005\116\272\124\214\173\124\217\251\131\324\124\130\117\032\124\015\123\125}{thuchapter.1.-1}% 2
\BOOKMARK [0][]{thuchapter.3.0}{\376\377\121\163\116\216\133\146\117\115\213\272\145\207\117\177\165\050\143\210\147\103\166\204\213\364\146\016}{thuchapter.1.-1}% 3
\BOOKMARK [0][]{section*.9}{\376\377\144\130\211\201}{thuchapter.1.-1}% 4
\BOOKMARK [0][]{section*.11}{\376\377\000A\000b\000s\000t\000r\000a\000c\000t}{thuchapter.1.-1}% 5
\BOOKMARK [0][]{section*.13}{\376\377\166\356\137\125}{thuchapter.1.-1}% 6
\BOOKMARK [0][]{section*.15}{\376\377\143\322\126\376\156\005\123\125}{thuchapter.1.-1}% 7
\BOOKMARK [0][]{section*.17}{\376\377\226\104\210\150\156\005\123\125}{thuchapter.1.-1}% 8
\BOOKMARK [0][]{section*.19}{\376\377\173\046\123\367\124\214\177\051\165\145\213\355\213\364\146\016}{thuchapter.1.-1}% 9
\BOOKMARK [0][]{chapter.1}{\376\377\173\054\0001\172\340\000\040\176\352\213\272}{thuchapter.1.-1}% 10
\BOOKMARK [1][-]{section.1.1}{\376\377\0001\000.\0001\000\040\170\024\172\166\200\314\146\157\116\016\141\017\116\111}{chapter.1}% 11
\BOOKMARK [1][-]{section.1.2}{\376\377\0001\000.\0002\000\040\170\024\172\166\163\260\162\266\116\016\217\333\134\125}{chapter.1}% 12
\BOOKMARK [2][-]{subsection.1.2.1}{\376\377\0001\000.\0002\000.\0001\000\040\232\250\232\323\210\100\176\306\200\336\126\376\120\317\150\300\155\113\163\260\162\266}{section.1.2}% 13
\BOOKMARK [2][-]{subsection.1.2.2}{\376\377\0001\000.\0002\000.\0002\000\040\232\250\232\323\210\100\176\306\200\336\126\376\120\317\213\306\122\053\163\260\162\266}{section.1.2}% 14
\BOOKMARK [1][-]{section.1.3}{\376\377\0001\000.\0003\000\040\147\054\145\207\170\024\172\166\121\205\133\271}{chapter.1}% 15
\BOOKMARK [1][-]{section.1.4}{\376\377\0001\000.\0004\000\040\213\272\145\207\176\304\176\307\176\323\147\204}{chapter.1}% 16
\BOOKMARK [0][]{chapter.2}{\376\377\173\054\0002\172\340\000\040\127\372\170\100\167\345\213\306}{thuchapter.1.-1}% 17
\BOOKMARK [1][-]{section.2.1}{\376\377\0002\000.\0001\000\040\232\250\232\323\210\100\176\306\200\336\126\376\120\317\123\312\230\204\131\004\164\006}{chapter.2}% 18
\BOOKMARK [2][-]{subsection.2.1.1}{\376\377\0002\000.\0001\000.\0001\000\040\232\250\232\323\210\100\176\306\200\336\137\142\140\001\133\146\116\313\176\315}{section.2.1}% 19
\BOOKMARK [2][-]{subsection.2.1.2}{\376\377\0002\000.\0001\000.\0002\000\040\232\250\232\323\210\100\176\306\200\336\145\160\143\156\226\306\116\016\230\204\131\004\164\006}{section.2.1}% 20
\BOOKMARK [1][-]{section.2.2}{\376\377\0002\000.\0002\000\040\171\136\176\317\177\121\176\334\142\200\147\057\151\202\217\360}{chapter.2}% 21
\BOOKMARK [2][-]{subsection.2.2.1}{\376\377\0002\000.\0002\000.\0001\000\040\171\136\176\317\121\103\116\016\150\257\136\246\117\030\123\026}{section.2.2}% 22
\BOOKMARK [2][-]{subsection.2.2.2}{\376\377\0002\000.\0002\000.\0002\000\040\123\167\171\357\171\136\176\317\177\121\176\334}{section.2.2}% 23
\BOOKMARK [2][-]{subsection.2.2.3}{\376\377\0002\000.\0002\000.\0003\000\040\213\255\176\303\145\271\154\325}{section.2.2}% 24
\BOOKMARK [1][-]{section.2.3}{\376\377\0002\000.\0003\000\040\217\157\116\366\213\276\213\241\166\370\121\163\142\200\147\057}{chapter.2}% 25
\BOOKMARK [2][-]{subsection.2.3.1}{\376\377\0002\000.\0003\000.\0001\000\040\122\115\172\357\142\200\147\057}{section.2.3}% 26
\BOOKMARK [2][-]{subsection.2.3.2}{\376\377\0002\000.\0003\000.\0002\000\040\124\016\172\357\142\200\147\057}{section.2.3}% 27
\BOOKMARK [2][-]{subsection.2.3.3}{\376\377\0002\000.\0003\000.\0003\000\040\000M\000y\000s\000q\000l\145\160\143\156\136\223}{section.2.3}% 28
\BOOKMARK [0][]{chapter.3}{\376\377\173\054\0003\172\340\000\040\145\160\133\146\173\046\123\367\124\214\121\154\137\017}{thuchapter.1.-1}% 29
\BOOKMARK [1][-]{section.3.1}{\376\377\0003\000.\0001\000\040\145\160\133\146\173\046\123\367}{chapter.3}% 30
\BOOKMARK [1][-]{section.3.2}{\376\377\0003\000.\0002\000\040\145\160\133\146\121\154\137\017}{chapter.3}% 31
\BOOKMARK [1][-]{section.3.3}{\376\377\0003\000.\0003\000\040\145\160\133\146\133\232\164\006}{chapter.3}% 32
\BOOKMARK [0][]{chapter.4}{\376\377\173\054\0004\172\340\000\040\137\025\165\050\145\207\163\056\166\204\150\007\154\350}{thuchapter.1.-1}% 33
\BOOKMARK [1][-]{section.4.1}{\376\377\0004\000.\0001\000\040\230\172\136\217\177\026\170\001\122\066}{chapter.4}% 34
\BOOKMARK [1][-]{section.4.2}{\376\377\0004\000.\0002\000\040\204\127\200\005\000-\121\372\162\110\136\164\122\066}{chapter.4}% 35
\BOOKMARK [0][]{section*.28}{\376\377\123\302\200\003\145\207\163\056}{thuchapter.1.-1}% 36
\BOOKMARK [0][]{appendix.A}{\376\377\226\104\137\125\000\040\000A\000\040\210\145\121\105\121\205\133\271}{thuchapter.1.-1}% 37
\BOOKMARK [1][-]{section.A.1}{\376\377\000A\000.\0001\000\040\126\376\210\150\171\072\117\213}{appendix.A}% 38
\BOOKMARK [2][-]{subsection.A.1.1}{\376\377\000A\000.\0001\000.\0001\000\040\126\376}{section.A.1}% 39
\BOOKMARK [2][-]{subsection.A.1.2}{\376\377\000A\000.\0001\000.\0002\000\040\210\150\150\074}{section.A.1}% 40
\BOOKMARK [1][-]{section.A.2}{\376\377\000A\000.\0002\000\040\145\160\133\146\121\154\137\017}{appendix.A}% 41
\BOOKMARK [0][]{section*.32}{\376\377\201\364\214\042}{thuchapter.1.-1}% 42
\BOOKMARK [0][]{section*.34}{\376\377\130\360\146\016}{thuchapter.1.-1}% 43
\BOOKMARK [0][]{section*.36}{\376\377\116\052\116\272\173\200\123\206\060\001\127\050\133\146\147\037\225\364\133\214\142\020\166\204\166\370\121\163\133\146\147\057\142\020\147\234}{thuchapter.1.-1}% 44
\BOOKMARK [0][]{appendix*.42}{\376\377\143\007\133\374\145\131\136\010\213\304\213\355}{thuchapter.1.-1}% 45
\BOOKMARK [0][]{appendix*.43}{\376\377\173\124\217\251\131\324\124\130\117\032\121\263\213\256\116\146}{thuchapter.1.-1}% 46
